SF:lib\features\validation\my_custom_phone_validator.dart
DA:8,1
DA:10,1
DA:11,1
DA:12,1
DA:13,1
DA:14,2
DA:15,1
DA:16,2
DA:17,1
DA:18,2
DA:19,1
LF:11
LH:11
end_of_record
SF:lib\features\validation\error_handler.dart
DA:6,0
DA:13,0
DA:15,0
DA:16,0
DA:18,0
DA:19,0
DA:21,0
DA:22,0
DA:24,0
DA:25,0
DA:27,0
DA:28,0
DA:30,0
DA:31,0
DA:33,0
DA:34,0
DA:36,0
DA:37,0
DA:39,0
DA:40,0
DA:43,0
LF:21
LH:0
end_of_record
SF:lib\l10n\l10n.dart
DA:6,0
DA:10,0
DA:12,0
DA:14,0
LF:4
LH:0
end_of_record
SF:lib\features\validation\my_custom_email_validator.dart
DA:6,0
DA:7,0
DA:8,0
DA:9,0
DA:10,0
DA:11,0
DA:12,0
DA:13,0
DA:16,0
DA:19,0
DA:21,0
LF:11
LH:0
end_of_record
